<?xml version="1.0" encoding="UTF-8"?>
<!-- Generated by org.testng.reporters.JUnitXMLReporter -->
<testsuite hostname="ip-172-31-29-188" ignored="5" name="Test" tests="4" failures="0" timestamp="25 Dec 2021 07:39:09 GMT" time="2.808" errors="0">
  <testcase name="login" time="0.294" classname="test.LoginTest"/>
  <testcase name="AddProduct" time="0.564" classname="test.AddProductTest"/>
  <testcase name="checkout" time="0.509" classname="test.CheckOutTest"/>
  <testcase name="payment" time="0.468" classname="test.PaymentTest"/>
  <testcase name="singup" time="0.0" classname="test.SignUpTest">
    <ignored/>
  </testcase> <!-- singup -->
  <testcase name="@BeforeTest setUp" time="0.0" classname="test.BaseClass">
    <ignored/>
  </testcase> <!-- @BeforeTest setUp -->
  <testcase name="@BeforeTest setUp" time="0.0" classname="test.BaseClass">
    <ignored/>
  </testcase> <!-- @BeforeTest setUp -->
  <testcase name="@AfterTest teardown" time="0.0" classname="test.BaseClass">
    <ignored/>
  </testcase> <!-- @AfterTest teardown -->
  <testcase name="@AfterTest teardown" time="0.0" classname="test.BaseClass">
    <ignored/>
  </testcase> <!-- @AfterTest teardown -->
</testsuite> <!-- Test -->
